08/12/2024 02:53:16 PM - kneaddata.knead_data - INFO: Running kneaddata v0.12.0
08/12/2024 02:53:16 PM - kneaddata.knead_data - INFO: Output files will be written to: /home/marta_fogt/PhD/kraken_ncyc_nf/results/sample
08/12/2024 02:53:16 PM - kneaddata.knead_data - DEBUG: Running with the following arguments: 
verbose = False
input1 = sample_R1.fastq.gz
input2 = sample_R2.fastq.gz
unpaired = None
output_dir = /home/marta_fogt/PhD/kraken_ncyc_nf/results/sample
scratch_dir = 
reference_db = /home/marta_fogt/PhD/kraken_ncyc_nf/phix_genome/phix_db
bypass_trim = False
output_prefix = sample_R1_kneaddata
threads = 1
processes = 1
trimmomatic_quality_scores = -phred33
bmtagger = False
bypass_trf = True
run_trf = False
fastqc_start = False
fastqc_end = False
store_temp_output = False
remove_intermediate_output = False
cat_final_output = False
log_level = DEBUG
log = /home/marta_fogt/PhD/kraken_ncyc_nf/results/sample/sample_R1_kneaddata.log
trimmomatic_path = /opt/trimmomatic/Trimmomatic-0.39/trimmomatic-0.39.jar
run_trim_repetitive = False
max_memory = 500m
trimmomatic_options = None
sequencer_source = NexteraPE
bowtie2_path = /usr/bin/bowtie2
bowtie2_options = --very-sensitive-local --phred33
decontaminate_pairs = strict
reorder = False
serial = False
bmtagger_path = None
trf_path = None
match = 2
mismatch = 7
delta = 7
pm = 80
pi = 10
minscore = 50
maxperiod = 500
fastqc_path = None
remove_temp_output = True
input = /home/marta_fogt/PhD/kraken_ncyc_nf/work/1f/4c198daa3949b81dcfc32532172420/sample_R1.fastq.gz /home/marta_fogt/PhD/kraken_ncyc_nf/work/1f/4c198daa3949b81dcfc32532172420/sample_R2.fastq.gz
discordant = True

08/12/2024 02:53:16 PM - kneaddata.utilities - INFO: Decompressing gzipped file ...
08/12/2024 02:53:16 PM - kneaddata.utilities - INFO: Decompressed file created: /home/marta_fogt/PhD/kraken_ncyc_nf/results/sample/decompressed_sfs_6mue_sample_R1.fastq
08/12/2024 02:53:16 PM - kneaddata.utilities - INFO: Decompressing gzipped file ...
08/12/2024 02:53:16 PM - kneaddata.utilities - INFO: Decompressed file created: /home/marta_fogt/PhD/kraken_ncyc_nf/results/sample/decompressed_adkwm1fo_sample_R2.fastq
08/12/2024 02:53:16 PM - kneaddata.utilities - INFO: Reformatting file sequence identifiers ...
08/12/2024 02:53:16 PM - kneaddata.utilities - INFO: Reformatting file sequence identifiers ...
08/12/2024 02:53:16 PM - kneaddata.utilities - INFO: Reordering read identifiers ...
08/12/2024 02:53:16 PM - kneaddata.utilities - INFO: READ COUNT: raw pair1 : Initial number of reads ( /home/marta_fogt/PhD/kraken_ncyc_nf/results/sample/reordered_ujn09rft_reformatted_identifiersqs90bald_decompressed_sfs_6mue_sample_R1 ): 200.0
08/12/2024 02:53:16 PM - kneaddata.utilities - INFO: READ COUNT: raw pair2 : Initial number of reads ( /home/marta_fogt/PhD/kraken_ncyc_nf/results/sample/reordered_fim8_4pr_reformatted_identifiersvolwunvu_decompressed_adkwm1fo_sample_R2 ): 200.0
08/12/2024 02:53:16 PM - kneaddata.utilities - DEBUG: Checking input file to Trimmomatic : /home/marta_fogt/PhD/kraken_ncyc_nf/results/sample/reordered_ujn09rft_reformatted_identifiersqs90bald_decompressed_sfs_6mue_sample_R1
08/12/2024 02:53:16 PM - kneaddata.utilities - DEBUG: Checking input file to Trimmomatic : /home/marta_fogt/PhD/kraken_ncyc_nf/results/sample/reordered_fim8_4pr_reformatted_identifiersvolwunvu_decompressed_adkwm1fo_sample_R2
08/12/2024 02:53:16 PM - kneaddata.utilities - INFO: Running Trimmomatic ... 
08/12/2024 02:53:16 PM - kneaddata.utilities - INFO: Execute command: java -Xmx500m -jar /opt/trimmomatic/Trimmomatic-0.39/trimmomatic-0.39.jar PE -threads 1 -phred33 /home/marta_fogt/PhD/kraken_ncyc_nf/results/sample/reordered_ujn09rft_reformatted_identifiersqs90bald_decompressed_sfs_6mue_sample_R1 /home/marta_fogt/PhD/kraken_ncyc_nf/results/sample/reordered_fim8_4pr_reformatted_identifiersvolwunvu_decompressed_adkwm1fo_sample_R2 /home/marta_fogt/PhD/kraken_ncyc_nf/results/sample/sample_R1_kneaddata.trimmed.1.fastq /home/marta_fogt/PhD/kraken_ncyc_nf/results/sample/sample_R1_kneaddata.trimmed.single.1.fastq /home/marta_fogt/PhD/kraken_ncyc_nf/results/sample/sample_R1_kneaddata.trimmed.2.fastq /home/marta_fogt/PhD/kraken_ncyc_nf/results/sample/sample_R1_kneaddata.trimmed.single.2.fastq MINLEN:60 ILLUMINACLIP:/usr/local/lib/python3.9/site-packages/kneaddata/adapters/NexteraPE-PE.fa:2:30:10:8:TRUE SLIDINGWINDOW:4:20 MINLEN:75
08/12/2024 02:53:16 PM - kneaddata.utilities - DEBUG: b"TrimmomaticPE: Started with arguments:\n -threads 1 -phred33 /home/marta_fogt/PhD/kraken_ncyc_nf/results/sample/reordered_ujn09rft_reformatted_identifiersqs90bald_decompressed_sfs_6mue_sample_R1 /home/marta_fogt/PhD/kraken_ncyc_nf/results/sample/reordered_fim8_4pr_reformatted_identifiersvolwunvu_decompressed_adkwm1fo_sample_R2 /home/marta_fogt/PhD/kraken_ncyc_nf/results/sample/sample_R1_kneaddata.trimmed.1.fastq /home/marta_fogt/PhD/kraken_ncyc_nf/results/sample/sample_R1_kneaddata.trimmed.single.1.fastq /home/marta_fogt/PhD/kraken_ncyc_nf/results/sample/sample_R1_kneaddata.trimmed.2.fastq /home/marta_fogt/PhD/kraken_ncyc_nf/results/sample/sample_R1_kneaddata.trimmed.single.2.fastq MINLEN:60 ILLUMINACLIP:/usr/local/lib/python3.9/site-packages/kneaddata/adapters/NexteraPE-PE.fa:2:30:10:8:TRUE SLIDINGWINDOW:4:20 MINLEN:75\nUsing PrefixPair: 'AGATGTGTATAAGAGACAG' and 'AGATGTGTATAAGAGACAG'\nUsing Long Clipping Sequence: 'GTCTCGTGGGCTCGGAGATGTGTATAAGAGACAG'\nUsing Long Clipping Sequence: 'TCGTCGGCAGCGTCAGATGTGTATAAGAGACAG'\nUsing Long Clipping Sequence: 'CTGTCTCTTATACACATCTCCGAGCCCACGAGAC'\nUsing Long Clipping Sequence: 'CTGTCTCTTATACACATCTGACGCTGCCGACGA'\nILLUMINACLIP: Using 1 prefix pairs, 4 forward/reverse sequences, 0 forward only sequences, 0 reverse only sequences\nInput Read Pairs: 200 Both Surviving: 188 (94.00%) Forward Only Surviving: 6 (3.00%) Reverse Only Surviving: 3 (1.50%) Dropped: 3 (1.50%)\nTrimmomaticPE: Completed successfully\n"
08/12/2024 02:53:16 PM - kneaddata.utilities - DEBUG: Checking output file from Trimmomatic : /home/marta_fogt/PhD/kraken_ncyc_nf/results/sample/sample_R1_kneaddata.trimmed.1.fastq
08/12/2024 02:53:16 PM - kneaddata.utilities - DEBUG: Checking output file from Trimmomatic : /home/marta_fogt/PhD/kraken_ncyc_nf/results/sample/sample_R1_kneaddata.trimmed.single.1.fastq
08/12/2024 02:53:16 PM - kneaddata.utilities - DEBUG: Checking output file from Trimmomatic : /home/marta_fogt/PhD/kraken_ncyc_nf/results/sample/sample_R1_kneaddata.trimmed.2.fastq
08/12/2024 02:53:16 PM - kneaddata.utilities - DEBUG: Checking output file from Trimmomatic : /home/marta_fogt/PhD/kraken_ncyc_nf/results/sample/sample_R1_kneaddata.trimmed.single.2.fastq
08/12/2024 02:53:16 PM - kneaddata.utilities - INFO: READ COUNT: trimmed pair1 : Total reads after trimming ( /home/marta_fogt/PhD/kraken_ncyc_nf/results/sample/sample_R1_kneaddata.trimmed.1.fastq ): 188.0
08/12/2024 02:53:16 PM - kneaddata.utilities - INFO: READ COUNT: trimmed pair2 : Total reads after trimming ( /home/marta_fogt/PhD/kraken_ncyc_nf/results/sample/sample_R1_kneaddata.trimmed.2.fastq ): 188.0
08/12/2024 02:53:16 PM - kneaddata.utilities - INFO: READ COUNT: trimmed orphan1 : Total reads after trimming ( /home/marta_fogt/PhD/kraken_ncyc_nf/results/sample/sample_R1_kneaddata.trimmed.single.1.fastq ): 6.0
08/12/2024 02:53:16 PM - kneaddata.utilities - INFO: READ COUNT: trimmed orphan2 : Total reads after trimming ( /home/marta_fogt/PhD/kraken_ncyc_nf/results/sample/sample_R1_kneaddata.trimmed.single.2.fastq ): 3.0
08/12/2024 02:53:16 PM - kneaddata.run - INFO: Decontaminating ...
08/12/2024 02:53:16 PM - kneaddata.utilities - DEBUG: Checking input file to bowtie2 : /home/marta_fogt/PhD/kraken_ncyc_nf/results/sample/sample_R1_kneaddata.trimmed.1.fastq
08/12/2024 02:53:16 PM - kneaddata.utilities - DEBUG: Checking input file to bowtie2 : /home/marta_fogt/PhD/kraken_ncyc_nf/results/sample/sample_R1_kneaddata.trimmed.2.fastq
08/12/2024 02:53:16 PM - kneaddata.utilities - DEBUG: Checking input file to bowtie2 : /home/marta_fogt/PhD/kraken_ncyc_nf/results/sample/sample_R1_kneaddata.trimmed.single.1.fastq
08/12/2024 02:53:16 PM - kneaddata.utilities - DEBUG: Checking input file to bowtie2 : /home/marta_fogt/PhD/kraken_ncyc_nf/results/sample/sample_R1_kneaddata.trimmed.single.2.fastq
08/12/2024 02:53:16 PM - kneaddata.utilities - INFO: Running bowtie2 ... 
08/12/2024 02:53:16 PM - kneaddata.utilities - INFO: Execute command: kneaddata_bowtie2_discordant_pairs --bowtie2 /usr/bin/bowtie2 --threads 1 -x /home/marta_fogt/PhD/kraken_ncyc_nf/phix_genome/phix_db --mode strict --bowtie2-options "--very-sensitive-local --phred33" -1 /home/marta_fogt/PhD/kraken_ncyc_nf/results/sample/sample_R1_kneaddata.trimmed.1.fastq -2 /home/marta_fogt/PhD/kraken_ncyc_nf/results/sample/sample_R1_kneaddata.trimmed.2.fastq --un-pair /home/marta_fogt/PhD/kraken_ncyc_nf/results/sample/sample_R1_kneaddata_phix_db_bowtie2_paired_clean_%.fastq --al-pair /home/marta_fogt/PhD/kraken_ncyc_nf/results/sample/sample_R1_kneaddata_phix_db_bowtie2_paired_contam_%.fastq -U /home/marta_fogt/PhD/kraken_ncyc_nf/results/sample/sample_R1_kneaddata.trimmed.single.1.fastq,/home/marta_fogt/PhD/kraken_ncyc_nf/results/sample/sample_R1_kneaddata.trimmed.single.2.fastq --un-single /home/marta_fogt/PhD/kraken_ncyc_nf/results/sample/sample_R1_kneaddata_phix_db_bowtie2_unmatched_%_clean.fastq --al-single /home/marta_fogt/PhD/kraken_ncyc_nf/results/sample/sample_R1_kneaddata_phix_db_bowtie2_unmatched_%_contam.fastq -S /dev/null
08/12/2024 02:53:16 PM - kneaddata.utilities - DEBUG: b'385 reads; of these:\n  385 (100.00%) were unpaired; of these:\n    385 (100.00%) aligned 0 times\n    0 (0.00%) aligned exactly 1 time\n    0 (0.00%) aligned >1 times\n0.00% overall alignment rate\npair1_aligned : 0\npair2_aligned : 0\npair1_unaligned : 0\npair2_unaligned : 0\norphan1_aligned : 0\norphan2_aligned : 0\norphan1_unaligned : 194\norphan2_unaligned : 191\n'
08/12/2024 02:53:16 PM - kneaddata.utilities - DEBUG: Checking output file from bowtie2 : /home/marta_fogt/PhD/kraken_ncyc_nf/results/sample/sample_R1_kneaddata_phix_db_bowtie2_paired_clean_1.fastq
08/12/2024 02:53:16 PM - kneaddata.utilities - DEBUG: Checking output file from bowtie2 : /home/marta_fogt/PhD/kraken_ncyc_nf/results/sample/sample_R1_kneaddata_phix_db_bowtie2_paired_clean_2.fastq
08/12/2024 02:53:16 PM - kneaddata.run - INFO: Total contaminate sequences in file ( /home/marta_fogt/PhD/kraken_ncyc_nf/results/sample/sample_R1_kneaddata_phix_db_bowtie2_paired_contam_1.fastq ) : 0.0
08/12/2024 02:53:16 PM - kneaddata.run - INFO: Total contaminate sequences in file ( /home/marta_fogt/PhD/kraken_ncyc_nf/results/sample/sample_R1_kneaddata_phix_db_bowtie2_paired_contam_2.fastq ) : 0.0
08/12/2024 02:53:16 PM - kneaddata.run - INFO: Total contaminate sequences in file ( /home/marta_fogt/PhD/kraken_ncyc_nf/results/sample/sample_R1_kneaddata_phix_db_bowtie2_unmatched_1_contam.fastq ) : 0.0
08/12/2024 02:53:16 PM - kneaddata.run - INFO: Total contaminate sequences in file ( /home/marta_fogt/PhD/kraken_ncyc_nf/results/sample/sample_R1_kneaddata_phix_db_bowtie2_unmatched_2_contam.fastq ) : 0.0
08/12/2024 02:53:16 PM - kneaddata.utilities - INFO: READ COUNT: decontaminated phix_db pair1 : Total reads after removing those found in reference database ( /home/marta_fogt/PhD/kraken_ncyc_nf/results/sample/sample_R1_kneaddata_phix_db_bowtie2_paired_clean_1.fastq ): 0.0
08/12/2024 02:53:16 PM - kneaddata.utilities - INFO: READ COUNT: decontaminated phix_db pair2 : Total reads after removing those found in reference database ( /home/marta_fogt/PhD/kraken_ncyc_nf/results/sample/sample_R1_kneaddata_phix_db_bowtie2_paired_clean_2.fastq ): 0.0
08/12/2024 02:53:16 PM - kneaddata.utilities - INFO: READ COUNT: final pair1 : Total reads after merging results from multiple databases ( /home/marta_fogt/PhD/kraken_ncyc_nf/results/sample/sample_R1_kneaddata_paired_1.fastq ): 0.0
08/12/2024 02:53:16 PM - kneaddata.utilities - INFO: READ COUNT: final pair2 : Total reads after merging results from multiple databases ( /home/marta_fogt/PhD/kraken_ncyc_nf/results/sample/sample_R1_kneaddata_paired_2.fastq ): 0.0
08/12/2024 02:53:16 PM - kneaddata.utilities - WARNING: Unable to remove file: /home/marta_fogt/PhD/kraken_ncyc_nf/results/sample/sample_R1_kneaddata_phix_db_bowtie2_paired_clean_1.fastq
08/12/2024 02:53:16 PM - kneaddata.utilities - WARNING: Unable to remove file: /home/marta_fogt/PhD/kraken_ncyc_nf/results/sample/sample_R1_kneaddata_phix_db_bowtie2_paired_clean_2.fastq
08/12/2024 02:53:16 PM - kneaddata.utilities - INFO: READ COUNT: decontaminated phix_db orphan1 : Total reads after removing those found in reference database ( /home/marta_fogt/PhD/kraken_ncyc_nf/results/sample/sample_R1_kneaddata_phix_db_bowtie2_unmatched_1_clean.fastq ): 194.0
08/12/2024 02:53:16 PM - kneaddata.utilities - INFO: READ COUNT: final orphan1 : Total reads after merging results from multiple databases ( /home/marta_fogt/PhD/kraken_ncyc_nf/results/sample/sample_R1_kneaddata_unmatched_1.fastq ): 194.0
08/12/2024 02:53:16 PM - kneaddata.utilities - WARNING: Unable to remove file: /home/marta_fogt/PhD/kraken_ncyc_nf/results/sample/sample_R1_kneaddata_phix_db_bowtie2_unmatched_1_clean.fastq
08/12/2024 02:53:16 PM - kneaddata.utilities - INFO: READ COUNT: decontaminated phix_db orphan2 : Total reads after removing those found in reference database ( /home/marta_fogt/PhD/kraken_ncyc_nf/results/sample/sample_R1_kneaddata_phix_db_bowtie2_unmatched_2_clean.fastq ): 191.0
08/12/2024 02:53:16 PM - kneaddata.utilities - INFO: READ COUNT: final orphan2 : Total reads after merging results from multiple databases ( /home/marta_fogt/PhD/kraken_ncyc_nf/results/sample/sample_R1_kneaddata_unmatched_2.fastq ): 191.0
08/12/2024 02:53:16 PM - kneaddata.utilities - WARNING: Unable to remove file: /home/marta_fogt/PhD/kraken_ncyc_nf/results/sample/sample_R1_kneaddata_phix_db_bowtie2_unmatched_2_clean.fastq
08/12/2024 02:53:16 PM - kneaddata.knead_data - INFO: 
Final output files created: 
/home/marta_fogt/PhD/kraken_ncyc_nf/results/sample/sample_R1_kneaddata_paired_1.fastq
/home/marta_fogt/PhD/kraken_ncyc_nf/results/sample/sample_R1_kneaddata_paired_2.fastq
/home/marta_fogt/PhD/kraken_ncyc_nf/results/sample/sample_R1_kneaddata_unmatched_1.fastq
/home/marta_fogt/PhD/kraken_ncyc_nf/results/sample/sample_R1_kneaddata_unmatched_2.fastq

