Decompressing gzipped file ...

Decompressing gzipped file ...

Reformatting file sequence identifiers ...

Reformatting file sequence identifiers ...

Reordering read identifiers ...

Initial number of reads ( /home/marta_fogt/PhD/kraken_ncyc_nf/results/kneaddata/reordered_6iuta000_reformatted_identifierste14t1bm_decompressed_8l5kyb6__sample2_R1 ): 200.0
Initial number of reads ( /home/marta_fogt/PhD/kraken_ncyc_nf/results/kneaddata/reordered_i99wl9fr_reformatted_identifiers1slranxj_decompressed_5v1bs4s7_sample2_R2 ): 200.0
Running Trimmomatic ... 
Total reads after trimming ( /home/marta_fogt/PhD/kraken_ncyc_nf/results/kneaddata/sample2_R1_kneaddata.trimmed.1.fastq ): 188.0
Total reads after trimming ( /home/marta_fogt/PhD/kraken_ncyc_nf/results/kneaddata/sample2_R1_kneaddata.trimmed.2.fastq ): 188.0
Total reads after trimming ( /home/marta_fogt/PhD/kraken_ncyc_nf/results/kneaddata/sample2_R1_kneaddata.trimmed.single.1.fastq ): 6.0
Total reads after trimming ( /home/marta_fogt/PhD/kraken_ncyc_nf/results/kneaddata/sample2_R1_kneaddata.trimmed.single.2.fastq ): 3.0
Decontaminating ...
Running bowtie2 ... 
Total reads after removing those found in reference database ( /home/marta_fogt/PhD/kraken_ncyc_nf/results/kneaddata/sample2_R1_kneaddata_phix_db_bowtie2_paired_clean_1.fastq ): 0.0
Total reads after removing those found in reference database ( /home/marta_fogt/PhD/kraken_ncyc_nf/results/kneaddata/sample2_R1_kneaddata_phix_db_bowtie2_paired_clean_2.fastq ): 0.0
Total reads after merging results from multiple databases ( /home/marta_fogt/PhD/kraken_ncyc_nf/results/kneaddata/sample2_R1_kneaddata_paired_1.fastq ): 0.0
Total reads after merging results from multiple databases ( /home/marta_fogt/PhD/kraken_ncyc_nf/results/kneaddata/sample2_R1_kneaddata_paired_2.fastq ): 0.0
Total reads after removing those found in reference database ( /home/marta_fogt/PhD/kraken_ncyc_nf/results/kneaddata/sample2_R1_kneaddata_phix_db_bowtie2_unmatched_1_clean.fastq ): 194.0
Total reads after merging results from multiple databases ( /home/marta_fogt/PhD/kraken_ncyc_nf/results/kneaddata/sample2_R1_kneaddata_unmatched_1.fastq ): 194.0
Total reads after removing those found in reference database ( /home/marta_fogt/PhD/kraken_ncyc_nf/results/kneaddata/sample2_R1_kneaddata_phix_db_bowtie2_unmatched_2_clean.fastq ): 191.0
Total reads after merging results from multiple databases ( /home/marta_fogt/PhD/kraken_ncyc_nf/results/kneaddata/sample2_R1_kneaddata_unmatched_2.fastq ): 191.0

Final output files created: 
/home/marta_fogt/PhD/kraken_ncyc_nf/results/kneaddata/sample2_R1_kneaddata_paired_1.fastq
/home/marta_fogt/PhD/kraken_ncyc_nf/results/kneaddata/sample2_R1_kneaddata_paired_2.fastq
/home/marta_fogt/PhD/kraken_ncyc_nf/results/kneaddata/sample2_R1_kneaddata_unmatched_1.fastq
/home/marta_fogt/PhD/kraken_ncyc_nf/results/kneaddata/sample2_R1_kneaddata_unmatched_2.fastq

